<?xml version="1.0" encoding="UTF-8"?>
<testsuite name="com.missTravveller.app.MissTravvellerApplicationTests" tests="1" skipped="0" failures="0" errors="0" timestamp="2024-08-09T23:03:56" hostname="LAPTOP-47L4T0N2" time="0.421">
  <properties/>
  <testcase name="contextLoads()" classname="com.missTravveller.app.MissTravvellerApplicationTests" time="0.421"/>
  <system-out><![CDATA[17:03:52.290 [Test worker] INFO org.springframework.test.context.support.AnnotationConfigContextLoaderUtils -- Could not detect default configuration classes for test class [com.missTravveller.app.MissTravvellerApplicationTests]: MissTravvellerApplicationTests does not declare any static, non-private, non-final, nested classes annotated with @Configuration.
17:03:52.370 [Test worker] INFO org.springframework.boot.test.context.SpringBootTestContextBootstrapper -- Found @SpringBootConfiguration com.missTravveller.app.MissTravvellerApplication for test class com.missTravveller.app.MissTravvellerApplicationTests
 ___      ___   __      ________  ________      ___________  _______        __  ___      ___  ___      ___  _______  ___      ___       _______   _______   
|"  \    /"  | |" \    /"       )/"       )    ("     _   ")/"      \      /""\|"  \    /"  ||"  \    /"  |/"     "||"  |    |"  |     /"     "| /"      \  
 \   \  //   | ||  |  (:   \___/(:   \___/      )__/  \\__/|:        |    /    \\   \  //  /  \   \  //  /(: ______)||  |    ||  |    (: ______)|:        | 
 /\\  \/.    | |:  |   \___  \   \___  \           \\_ /   |_____/   )   /' /\  \\\  \/. ./    \\  \/. ./  \/    |  |:  |    |:  |     \/    |  |_____/   ) 
|: \.        | |.  |    __/  \\   __/  \\          |.  |    //      /   //  __'  \\.    //      \.    //   // ___)_  \  |___  \  |___  // ___)_  //      /  
|.  \    /:  | /\  |\  /" \   :) /" \   :)         \:  |   |:  __   \  /   /  \\  \\\   /        \\   /   (:      "|( \_|:  \( \_|:  \(:      "||:  __   \  
|___|\__/|___|(__\_|_)(_______/ (_______/           \__|   |__|  \___)(___/    \___)\__/          \__/     \_______) \_______)\_______)\_______)|__|  \___) 
                                                                                                                                                            
                                                                                                                                                            
                         					-- by TechnoDiosas --
                         					                                                                                                                                   
                                                                                                                                                            
                                                                                                                                                            
                                                                                                                                                            
                                                                                                                                                            
                                                                                                                                                            
                                                                                                                                                            

2024-08-09T17:03:52.703-06:00  WARN 9680 --- [missTravveller] [    Test worker] ory$DuplicateJsonObjectContextCustomizer : 

Found multiple occurrences of org.json.JSONObject on the class path:

	jar:file:/C:/Users/vbara/.gradle/caches/modules-2/files-2.1/org.json/json/20231013/e22e0c040fe16f04ffdb85d851d77b07fc05ea52/json-20231013.jar!/org/json/JSONObject.class
	jar:file:/C:/Users/vbara/.gradle/caches/modules-2/files-2.1/com.vaadin.external.google/android-json/0.0.20131108.vaadin1/fa26d351fe62a6a17f5cda1287c1c6110dec413f/android-json-0.0.20131108.vaadin1.jar!/org/json/JSONObject.class

You may wish to exclude one of them to ensure predictable runtime behavior

2024-08-09T17:03:52.721-06:00  INFO 9680 --- [missTravveller] [    Test worker] c.m.app.MissTravvellerApplicationTests   : Starting MissTravvellerApplicationTests using Java 17.0.11 with PID 9680 (started by vbara in C:\Users\vbara\Miss travveller\backend_misstravveller\missTravveller)
2024-08-09T17:03:52.721-06:00  INFO 9680 --- [missTravveller] [    Test worker] c.m.app.MissTravvellerApplicationTests   : No active profile set, falling back to 1 default profile: "default"
2024-08-09T17:03:53.350-06:00  INFO 9680 --- [missTravveller] [    Test worker] .s.d.r.c.RepositoryConfigurationDelegate : Bootstrapping Spring Data JPA repositories in DEFAULT mode.
2024-08-09T17:03:53.446-06:00  INFO 9680 --- [missTravveller] [    Test worker] .s.d.r.c.RepositoryConfigurationDelegate : Finished Spring Data repository scanning in 78 ms. Found 6 JPA repository interfaces.
2024-08-09T17:03:53.874-06:00  INFO 9680 --- [missTravveller] [    Test worker] com.zaxxer.hikari.HikariDataSource       : HikariPool-1 - Starting...
2024-08-09T17:03:54.017-06:00  INFO 9680 --- [missTravveller] [    Test worker] com.zaxxer.hikari.pool.HikariPool        : HikariPool-1 - Added connection conn0: url=jdbc:h2:mem:db611cc7-565f-4fff-87e5-22dfb492b6a4 user=SA
2024-08-09T17:03:54.017-06:00  INFO 9680 --- [missTravveller] [    Test worker] com.zaxxer.hikari.HikariDataSource       : HikariPool-1 - Start completed.
2024-08-09T17:03:54.066-06:00  INFO 9680 --- [missTravveller] [    Test worker] o.hibernate.jpa.internal.util.LogHelper  : HHH000204: Processing PersistenceUnitInfo [name: default]
2024-08-09T17:03:54.144-06:00  INFO 9680 --- [missTravveller] [    Test worker] org.hibernate.Version                    : HHH000412: Hibernate ORM core version 6.5.2.Final
2024-08-09T17:03:54.177-06:00  INFO 9680 --- [missTravveller] [    Test worker] o.h.c.internal.RegionFactoryInitiator    : HHH000026: Second-level cache disabled
2024-08-09T17:03:54.463-06:00  INFO 9680 --- [missTravveller] [    Test worker] o.s.o.j.p.SpringPersistenceUnitInfo      : No LoadTimeWeaver setup: ignoring JPA class transformer
2024-08-09T17:03:55.268-06:00  INFO 9680 --- [missTravveller] [    Test worker] o.h.e.t.j.p.i.JtaPlatformInitiator       : HHH000489: No JTA platform available (set 'hibernate.transaction.jta.platform' to enable JTA platform integration)
2024-08-09T17:03:55.283-06:00 DEBUG 9680 --- [missTravveller] [    Test worker] org.hibernate.SQL                        : 
    drop table if exists contact_forms cascade 
2024-08-09T17:03:55.283-06:00 DEBUG 9680 --- [missTravveller] [    Test worker] org.hibernate.SQL                        : 
    drop table if exists itineraries cascade 
2024-08-09T17:03:55.283-06:00 DEBUG 9680 --- [missTravveller] [    Test worker] org.hibernate.SQL                        : 
    drop table if exists roles cascade 
2024-08-09T17:03:55.283-06:00 DEBUG 9680 --- [missTravveller] [    Test worker] org.hibernate.SQL                        : 
    drop table if exists states cascade 
2024-08-09T17:03:55.283-06:00 DEBUG 9680 --- [missTravveller] [    Test worker] org.hibernate.SQL                        : 
    drop table if exists travel_has_users cascade 
2024-08-09T17:03:55.283-06:00 DEBUG 9680 --- [missTravveller] [    Test worker] org.hibernate.SQL                        : 
    drop table if exists travels cascade 
2024-08-09T17:03:55.283-06:00 DEBUG 9680 --- [missTravveller] [    Test worker] org.hibernate.SQL                        : 
    drop table if exists user_has_roles cascade 
2024-08-09T17:03:55.283-06:00 DEBUG 9680 --- [missTravveller] [    Test worker] org.hibernate.SQL                        : 
    drop table if exists users cascade 
2024-08-09T17:03:55.283-06:00 DEBUG 9680 --- [missTravveller] [    Test worker] org.hibernate.SQL                        : 
    create table contact_forms (
        id uuid not null,
        comments varchar(255),
        email varchar(255),
        full_name varchar(255),
        phone varchar(255),
        primary key (id)
    )
2024-08-09T17:03:55.298-06:00 DEBUG 9680 --- [missTravveller] [    Test worker] org.hibernate.SQL                        : 
    create table itineraries (
        end_activity timestamp(6) not null,
        id bigint generated by default as identity,
        start_activity timestamp(6) not null,
        travel_id bigint not null,
        meeting_point varchar(45) not null,
        activity varchar(100) not null,
        primary key (id)
    )
2024-08-09T17:03:55.298-06:00 DEBUG 9680 --- [missTravveller] [    Test worker] org.hibernate.SQL                        : 
    create table roles (
        id uuid not null,
        name varchar(45) not null,
        primary key (id)
    )
2024-08-09T17:03:55.298-06:00 DEBUG 9680 --- [missTravveller] [    Test worker] org.hibernate.SQL                        : 
    create table states (
        id bigint generated by default as identity,
        state_name varchar(100) not null,
        primary key (id)
    )
2024-08-09T17:03:55.298-06:00 DEBUG 9680 --- [missTravveller] [    Test worker] org.hibernate.SQL                        : 
    create table travel_has_users (
        travel_id bigint not null,
        user_id uuid not null
    )
2024-08-09T17:03:55.298-06:00 DEBUG 9680 --- [missTravveller] [    Test worker] org.hibernate.SQL                        : 
    create table travels (
        price float(53) not null,
        quota numeric(38,0) not null,
        id bigint generated by default as identity,
        state_id bigint,
        traveldate varbinary(12) not null,
        description varchar(45) not null,
        destination varchar(45) not null,
        image varbinary(100) not null unique,
        primary key (id)
    )
2024-08-09T17:03:55.298-06:00 DEBUG 9680 --- [missTravveller] [    Test worker] org.hibernate.SQL                        : 
    create table user_has_roles (
        role_id uuid not null,
        user_id uuid not null
    )
2024-08-09T17:03:55.298-06:00 DEBUG 9680 --- [missTravveller] [    Test worker] org.hibernate.SQL                        : 
    create table users (
        id uuid not null,
        email varchar(45) not null unique,
        father_last_name varchar(45) not null,
        mother_last_name varchar(45) not null,
        name varchar(45) not null,
        password varchar(100) not null,
        primary key (id)
    )
2024-08-09T17:03:55.298-06:00 DEBUG 9680 --- [missTravveller] [    Test worker] org.hibernate.SQL                        : 
    alter table if exists itineraries 
       add constraint FKmsn39r0oxgrs4q82qhd6xr1tx 
       foreign key (travel_id) 
       references travels
2024-08-09T17:03:55.314-06:00 DEBUG 9680 --- [missTravveller] [    Test worker] org.hibernate.SQL                        : 
    alter table if exists travel_has_users 
       add constraint FK874s9e6hrgrujjn819jbfyts9 
       foreign key (user_id) 
       references users
2024-08-09T17:03:55.314-06:00 DEBUG 9680 --- [missTravveller] [    Test worker] org.hibernate.SQL                        : 
    alter table if exists travel_has_users 
       add constraint FKkao7okpp9ep75vnvilfkovor7 
       foreign key (travel_id) 
       references travels
2024-08-09T17:03:55.314-06:00 DEBUG 9680 --- [missTravveller] [    Test worker] org.hibernate.SQL                        : 
    alter table if exists travels 
       add constraint FK7jawkdmkryr3msffte4badqk1 
       foreign key (state_id) 
       references states
2024-08-09T17:03:55.314-06:00 DEBUG 9680 --- [missTravveller] [    Test worker] org.hibernate.SQL                        : 
    alter table if exists user_has_roles 
       add constraint FK6pf0mfsiq1svs4pwgxgvf0wyl 
       foreign key (role_id) 
       references roles
2024-08-09T17:03:55.314-06:00 DEBUG 9680 --- [missTravveller] [    Test worker] org.hibernate.SQL                        : 
    alter table if exists user_has_roles 
       add constraint FKtllbj605lwixu0ty2y8h3baq4 
       foreign key (user_id) 
       references users
2024-08-09T17:03:55.314-06:00  INFO 9680 --- [missTravveller] [    Test worker] j.LocalContainerEntityManagerFactoryBean : Initialized JPA EntityManagerFactory for persistence unit 'default'
2024-08-09T17:03:55.789-06:00  WARN 9680 --- [missTravveller] [    Test worker] JpaBaseConfiguration$JpaWebConfiguration : spring.jpa.open-in-view is enabled by default. Therefore, database queries may be performed during view rendering. Explicitly configure spring.jpa.open-in-view to disable this warning
2024-08-09T17:03:56.424-06:00  INFO 9680 --- [missTravveller] [    Test worker] c.m.app.MissTravvellerApplicationTests   : Started MissTravvellerApplicationTests in 3.911 seconds (process running for 4.822)
]]></system-out>
  <system-err><![CDATA[]]></system-err>
</testsuite>
